I, [2019-11-23T16:48:58.353340 #3020]  INFO -- : [e8368041-c0d2-45ae-add7-cf81362a03dd] Started GET "/" for 192.168.1.16 at 2019-11-23 16:48:58 +0100
F, [2019-11-23T16:48:58.353969 #3020] FATAL -- : [e8368041-c0d2-45ae-add7-cf81362a03dd]   
[e8368041-c0d2-45ae-add7-cf81362a03dd] ActionController::RoutingError (No route matches [GET] "/"):
[e8368041-c0d2-45ae-add7-cf81362a03dd]   
[e8368041-c0d2-45ae-add7-cf81362a03dd] actionpack (6.0.1) lib/action_dispatch/middleware/debug_exceptions.rb:36:in `call'
[e8368041-c0d2-45ae-add7-cf81362a03dd] actionpack (6.0.1) lib/action_dispatch/middleware/show_exceptions.rb:33:in `call'
[e8368041-c0d2-45ae-add7-cf81362a03dd] railties (6.0.1) lib/rails/rack/logger.rb:38:in `call_app'
[e8368041-c0d2-45ae-add7-cf81362a03dd] railties (6.0.1) lib/rails/rack/logger.rb:26:in `block in call'
[e8368041-c0d2-45ae-add7-cf81362a03dd] activesupport (6.0.1) lib/active_support/tagged_logging.rb:80:in `block in tagged'
[e8368041-c0d2-45ae-add7-cf81362a03dd] activesupport (6.0.1) lib/active_support/tagged_logging.rb:28:in `tagged'
[e8368041-c0d2-45ae-add7-cf81362a03dd] activesupport (6.0.1) lib/active_support/tagged_logging.rb:80:in `tagged'
[e8368041-c0d2-45ae-add7-cf81362a03dd] railties (6.0.1) lib/rails/rack/logger.rb:26:in `call'
[e8368041-c0d2-45ae-add7-cf81362a03dd] actionpack (6.0.1) lib/action_dispatch/middleware/remote_ip.rb:81:in `call'
[e8368041-c0d2-45ae-add7-cf81362a03dd] actionpack (6.0.1) lib/action_dispatch/middleware/request_id.rb:27:in `call'
[e8368041-c0d2-45ae-add7-cf81362a03dd] rack (2.0.7) lib/rack/method_override.rb:22:in `call'
[e8368041-c0d2-45ae-add7-cf81362a03dd] rack (2.0.7) lib/rack/runtime.rb:22:in `call'
[e8368041-c0d2-45ae-add7-cf81362a03dd] activesupport (6.0.1) lib/active_support/cache/strategy/local_cache_middleware.rb:29:in `call'
[e8368041-c0d2-45ae-add7-cf81362a03dd] actionpack (6.0.1) lib/action_dispatch/middleware/executor.rb:14:in `call'
[e8368041-c0d2-45ae-add7-cf81362a03dd] rack (2.0.7) lib/rack/sendfile.rb:111:in `call'
[e8368041-c0d2-45ae-add7-cf81362a03dd] actionpack (6.0.1) lib/action_dispatch/middleware/host_authorization.rb:77:in `call'
[e8368041-c0d2-45ae-add7-cf81362a03dd] railties (6.0.1) lib/rails/engine.rb:526:in `call'
[e8368041-c0d2-45ae-add7-cf81362a03dd] /usr/lib/ruby/vendor_ruby/phusion_passenger/rack/thread_handler_extension.rb:97:in `process_request'
[e8368041-c0d2-45ae-add7-cf81362a03dd] /usr/lib/ruby/vendor_ruby/phusion_passenger/request_handler/thread_handler.rb:149:in `accept_and_process_next_request'
[e8368041-c0d2-45ae-add7-cf81362a03dd] /usr/lib/ruby/vendor_ruby/phusion_passenger/request_handler/thread_handler.rb:110:in `main_loop'
[e8368041-c0d2-45ae-add7-cf81362a03dd] /usr/lib/ruby/vendor_ruby/phusion_passenger/request_handler.rb:415:in `block (3 levels) in start_threads'
[e8368041-c0d2-45ae-add7-cf81362a03dd] /usr/lib/ruby/vendor_ruby/phusion_passenger/utils.rb:113:in `block in create_thread_and_abort_on_exception'
I, [2019-11-23T16:51:16.730906 #3020]  INFO -- : [c3d297db-95d2-4a81-ae87-c181d0633d67] Started GET "/" for 192.168.1.18 at 2019-11-23 16:51:16 +0100
F, [2019-11-23T16:51:16.731416 #3020] FATAL -- : [c3d297db-95d2-4a81-ae87-c181d0633d67]   
[c3d297db-95d2-4a81-ae87-c181d0633d67] ActionController::RoutingError (No route matches [GET] "/"):
[c3d297db-95d2-4a81-ae87-c181d0633d67]   
[c3d297db-95d2-4a81-ae87-c181d0633d67] actionpack (6.0.1) lib/action_dispatch/middleware/debug_exceptions.rb:36:in `call'
[c3d297db-95d2-4a81-ae87-c181d0633d67] actionpack (6.0.1) lib/action_dispatch/middleware/show_exceptions.rb:33:in `call'
[c3d297db-95d2-4a81-ae87-c181d0633d67] railties (6.0.1) lib/rails/rack/logger.rb:38:in `call_app'
[c3d297db-95d2-4a81-ae87-c181d0633d67] railties (6.0.1) lib/rails/rack/logger.rb:26:in `block in call'
[c3d297db-95d2-4a81-ae87-c181d0633d67] activesupport (6.0.1) lib/active_support/tagged_logging.rb:80:in `block in tagged'
[c3d297db-95d2-4a81-ae87-c181d0633d67] activesupport (6.0.1) lib/active_support/tagged_logging.rb:28:in `tagged'
[c3d297db-95d2-4a81-ae87-c181d0633d67] activesupport (6.0.1) lib/active_support/tagged_logging.rb:80:in `tagged'
[c3d297db-95d2-4a81-ae87-c181d0633d67] railties (6.0.1) lib/rails/rack/logger.rb:26:in `call'
[c3d297db-95d2-4a81-ae87-c181d0633d67] actionpack (6.0.1) lib/action_dispatch/middleware/remote_ip.rb:81:in `call'
[c3d297db-95d2-4a81-ae87-c181d0633d67] actionpack (6.0.1) lib/action_dispatch/middleware/request_id.rb:27:in `call'
[c3d297db-95d2-4a81-ae87-c181d0633d67] rack (2.0.7) lib/rack/method_override.rb:22:in `call'
[c3d297db-95d2-4a81-ae87-c181d0633d67] rack (2.0.7) lib/rack/runtime.rb:22:in `call'
[c3d297db-95d2-4a81-ae87-c181d0633d67] activesupport (6.0.1) lib/active_support/cache/strategy/local_cache_middleware.rb:29:in `call'
[c3d297db-95d2-4a81-ae87-c181d0633d67] actionpack (6.0.1) lib/action_dispatch/middleware/executor.rb:14:in `call'
[c3d297db-95d2-4a81-ae87-c181d0633d67] rack (2.0.7) lib/rack/sendfile.rb:111:in `call'
[c3d297db-95d2-4a81-ae87-c181d0633d67] actionpack (6.0.1) lib/action_dispatch/middleware/host_authorization.rb:77:in `call'
[c3d297db-95d2-4a81-ae87-c181d0633d67] railties (6.0.1) lib/rails/engine.rb:526:in `call'
[c3d297db-95d2-4a81-ae87-c181d0633d67] /usr/lib/ruby/vendor_ruby/phusion_passenger/rack/thread_handler_extension.rb:97:in `process_request'
[c3d297db-95d2-4a81-ae87-c181d0633d67] /usr/lib/ruby/vendor_ruby/phusion_passenger/request_handler/thread_handler.rb:149:in `accept_and_process_next_request'
[c3d297db-95d2-4a81-ae87-c181d0633d67] /usr/lib/ruby/vendor_ruby/phusion_passenger/request_handler/thread_handler.rb:110:in `main_loop'
[c3d297db-95d2-4a81-ae87-c181d0633d67] /usr/lib/ruby/vendor_ruby/phusion_passenger/request_handler.rb:415:in `block (3 levels) in start_threads'
[c3d297db-95d2-4a81-ae87-c181d0633d67] /usr/lib/ruby/vendor_ruby/phusion_passenger/utils.rb:113:in `block in create_thread_and_abort_on_exception'
